the server started...
client gcryasslx want to buy c.
client puheuqjfr want to buy c.
client gahdoforp want to buy c.
client ouditlmdi want to buy c.
client xroqqbwwm want to buy c.
client dlhlvxbgh want to buy c.
client ibkwtdlqe want to buy c.
client ueeucjkev want to buy c.
client fwqdbcouk want to buy c.
client jpijwwbpw want to buy c.
client wdynhyyty want to buy c.
client bynjwmdac want to buy c.
client govtibkag want to buy c.
client yvvgqerta want to buy c.
client rxufgfwba want to buy c.
client ecohrvtwl want to buy c.
client akombynwj want to buy c.
client mcnbkyjjw want to buy c.
client wordfngvl want to buy c.
client hgqyfyvwe want to buy c.
client yssvxslbf want to buy c.
client jpbdguajx want to buy c.
client pygyjrkft want to buy c.
client corddbjyo want to buy c.
client ruhvmeplt want to buy c.
client ivkrydcjk want to buy c.
client yhtuiwdix want to buy c.
client geidxjokw want to buy c.
the server started...
client pwleafhnt want to buy c.
client dwtgeqhxu want to buy c.
client aindudaiy want to buy c.
client csarebdci want to buy c.
client jhbbbruwd want to buy c.
client mgpdhtyjr want to buy c.
client vasonoctr want to buy b.
client guukwfwsq want to buy b.
client fqvdqmier want to buy b.
client toxwejvnq want to buy b.
client bqvfmgptr want to buy b.
client iyeyjsmbt want to buy b.
client iilhxlpcu want to buy b.
client wjkblfdlt want to buy b.
client lhmuycqus want to buy b.
client aflomvhhu want to buy b.
client odniasuqt want to buy c.
client ganpodjvt want to buy c.
client apdvcudkb want to buy c.
client pnllsmxwv want to buy c.
client uyxebgsgu want to buy c.
client pfuvejkmd want to buy c.
/root/shop/server was killed
/root/shop/wallet was killed
/root/shop/wallet was killed
/root/shop/server was killed
